[debug] [2021-11-08T13:24:08.832Z] ----------------------------------------------------------------------
[debug] [2021-11-08T13:24:08.833Z] Command:       /opt/homebrew/Cellar/node/17.0.1/bin/node /opt/homebrew/bin/firebase deploy
[debug] [2021-11-08T13:24:08.833Z] CLI Version:   9.22.0
[debug] [2021-11-08T13:24:08.833Z] Platform:      darwin
[debug] [2021-11-08T13:24:08.833Z] Node Version:  v17.0.1
[debug] [2021-11-08T13:24:08.834Z] Time:          Mon Nov 08 2021 22:24:08 GMT+0900 (Japan Standard Time)
[debug] [2021-11-08T13:24:08.834Z] ----------------------------------------------------------------------
[debug] 
[debug] [2021-11-08T13:24:08.864Z] > command requires scopes: ["email","openid","https://www.googleapis.com/auth/cloudplatformprojects.readonly","https://www.googleapis.com/auth/firebase","https://www.googleapis.com/auth/cloud-platform"]
[debug] [2021-11-08T13:24:08.864Z] > authorizing via signed-in user (modernpaintersband@gmail.com)
[debug] [2021-11-08T13:24:08.864Z] [iam] checking project festival-finder-ae96d for permissions ["firebase.projects.get","firebasehosting.sites.update"]
[debug] [2021-11-08T13:24:08.866Z] >>> HTTP REQUEST POST https://cloudresourcemanager.googleapis.com/v1/projects/festival-finder-ae96d:testIamPermissions  
 {"permissions":["firebase.projects.get","firebasehosting.sites.update"]}
[debug] [2021-11-08T13:24:09.771Z] <<< HTTP RESPONSE 200 {"content-type":"application/json; charset=UTF-8","vary":"X-Origin, Referer, Origin,Accept-Encoding","date":"Mon, 08 Nov 2021 13:24:09 GMT","server":"ESF","cache-control":"private","x-xss-protection":"0","x-frame-options":"SAMEORIGIN","x-content-type-options":"nosniff","server-timing":"gfet4t7; dur=586","alt-svc":"h3=\":443\"; ma=2592000,h3-29=\":443\"; ma=2592000,h3-Q050=\":443\"; ma=2592000,h3-Q046=\":443\"; ma=2592000,h3-Q043=\":443\"; ma=2592000,quic=\":443\"; ma=2592000; v=\"46,43\"","accept-ranges":"none","transfer-encoding":"chunked"}
[debug] [2021-11-08T13:24:09.772Z] > refreshing access token with scopes: []
[debug] [2021-11-08T13:24:09.772Z] >>> HTTP REQUEST POST https://www.googleapis.com/oauth2/v3/token  
 <request body omitted>
[debug] [2021-11-08T13:24:10.086Z] <<< HTTP RESPONSE 200 {"pragma":"no-cache","cache-control":"no-cache, no-store, max-age=0, must-revalidate","expires":"Mon, 01 Jan 1990 00:00:00 GMT","date":"Mon, 08 Nov 2021 13:24:10 GMT","content-type":"application/json; charset=utf-8","vary":"X-Origin, Referer, Origin,Accept-Encoding","server":"scaffolding on HTTPServer2","x-xss-protection":"0","x-frame-options":"SAMEORIGIN","x-content-type-options":"nosniff","alt-svc":"h3=\":443\"; ma=2592000,h3-29=\":443\"; ma=2592000,h3-Q050=\":443\"; ma=2592000,h3-Q046=\":443\"; ma=2592000,h3-Q043=\":443\"; ma=2592000,quic=\":443\"; ma=2592000; v=\"46,43\"","accept-ranges":"none","transfer-encoding":"chunked"}
[debug] [2021-11-08T13:24:10.135Z] >>> [apiv2][query] GET https://firebase.googleapis.com/v1beta1/projects/festival-finder-ae96d [none]
[debug] [2021-11-08T13:24:10.816Z] <<< [apiv2][status] GET https://firebase.googleapis.com/v1beta1/projects/festival-finder-ae96d 200
[debug] [2021-11-08T13:24:10.816Z] <<< [apiv2][body] GET https://firebase.googleapis.com/v1beta1/projects/festival-finder-ae96d {"projectId":"festival-finder-ae96d","projectNumber":"1014913747479","displayName":"festival-finder","name":"projects/festival-finder-ae96d","resources":{"hostingSite":"festival-finder-ae96d","realtimeDatabaseInstance":"festival-finder-ae96d-default-rtdb","storageBucket":"festival-finder-ae96d.appspot.com","locationId":"asia-east2"},"state":"ACTIVE"}
[info] 
[info] === Deploying to 'festival-finder-ae96d'...
[info] 
[info] i  deploying hosting 
[debug] [2021-11-08T13:24:10.818Z] > refreshing access token with scopes: ["email","https://www.googleapis.com/auth/cloud-platform","https://www.googleapis.com/auth/cloudplatformprojects.readonly","https://www.googleapis.com/auth/firebase","openid"]
[debug] [2021-11-08T13:24:10.818Z] >>> HTTP REQUEST POST https://www.googleapis.com/oauth2/v3/token  
 <request body omitted>
[debug] [2021-11-08T13:24:11.044Z] <<< HTTP RESPONSE 200 {"expires":"Mon, 01 Jan 1990 00:00:00 GMT","pragma":"no-cache","cache-control":"no-cache, no-store, max-age=0, must-revalidate","date":"Mon, 08 Nov 2021 13:24:11 GMT","content-type":"application/json; charset=utf-8","vary":"X-Origin, Referer, Origin,Accept-Encoding","server":"scaffolding on HTTPServer2","x-xss-protection":"0","x-frame-options":"SAMEORIGIN","x-content-type-options":"nosniff","alt-svc":"h3=\":443\"; ma=2592000,h3-29=\":443\"; ma=2592000,h3-Q050=\":443\"; ma=2592000,h3-Q046=\":443\"; ma=2592000,h3-Q043=\":443\"; ma=2592000,quic=\":443\"; ma=2592000; v=\"46,43\"","accept-ranges":"none","transfer-encoding":"chunked"}
[debug] [2021-11-08T13:24:11.085Z] >>> HTTP REQUEST POST https://firebasehosting.googleapis.com/v1beta1/sites/festival-finder-ae96d/versions  
 {"config":{"rewrites":[{"glob":"**","path":"/index.html"}]},"labels":{"deployment-tool":"cli-firebase"}}
[debug] [2021-11-08T13:24:12.655Z] <<< HTTP RESPONSE 200 {"content-type":"application/json; charset=UTF-8","vary":"X-Origin, Referer, Origin,Accept-Encoding","date":"Mon, 08 Nov 2021 13:24:12 GMT","server":"ESF","cache-control":"private","x-xss-protection":"0","x-frame-options":"SAMEORIGIN","x-content-type-options":"nosniff","alt-svc":"h3=\":443\"; ma=2592000,h3-29=\":443\"; ma=2592000,h3-Q050=\":443\"; ma=2592000,h3-Q046=\":443\"; ma=2592000,h3-Q043=\":443\"; ma=2592000,quic=\":443\"; ma=2592000; v=\"46,43\"","accept-ranges":"none","transfer-encoding":"chunked"}
[info] i  hosting[festival-finder-ae96d]: beginning deploy... 
[info] i  hosting[festival-finder-ae96d]: found 19 files in build 
[debug] [2021-11-08T13:24:13.077Z] > refreshing access token with scopes: []
[debug] [2021-11-08T13:24:13.077Z] >>> HTTP REQUEST POST https://www.googleapis.com/oauth2/v3/token  
 <request body omitted>
[debug] [2021-11-08T13:24:13.078Z] [hosting] hash cache [YnVpbGQ] stored for 19 files
[debug] [2021-11-08T13:24:13.078Z] [hosting][hash queue][FINAL] {"max":414,"min":3,"avg":27.736842105263158,"active":0,"complete":19,"success":19,"errored":0,"retried":0,"total":19,"elapsed":417}
[debug] [2021-11-08T13:24:13.362Z] <<< HTTP RESPONSE 200 {"pragma":"no-cache","expires":"Mon, 01 Jan 1990 00:00:00 GMT","date":"Mon, 08 Nov 2021 13:24:13 GMT","cache-control":"no-cache, no-store, max-age=0, must-revalidate","content-type":"application/json; charset=utf-8","vary":"X-Origin, Referer, Origin,Accept-Encoding","server":"scaffolding on HTTPServer2","x-xss-protection":"0","x-frame-options":"SAMEORIGIN","x-content-type-options":"nosniff","alt-svc":"h3=\":443\"; ma=2592000,h3-29=\":443\"; ma=2592000,h3-Q050=\":443\"; ma=2592000,h3-Q046=\":443\"; ma=2592000,h3-Q043=\":443\"; ma=2592000,quic=\":443\"; ma=2592000; v=\"46,43\"","accept-ranges":"none","transfer-encoding":"chunked"}
[debug] [2021-11-08T13:24:13.400Z] >>> [apiv2][query] POST https://firebasehosting.googleapis.com/v1beta1/sites/festival-finder-ae96d/versions/f10934dcd4a4fcfb:populateFiles [none]
[debug] [2021-11-08T13:24:13.401Z] >>> [apiv2][body] POST https://firebasehosting.googleapis.com/v1beta1/sites/festival-finder-ae96d/versions/f10934dcd4a4fcfb:populateFiles {"files":{"/asset-manifest.json":"68c0038019096c3054a9291976d0878589844f0f3ab6079ffe0b6af0a7a44205","/favicon.ico":"b72f7455f00e4e58792d2bca892abb068e2213838c0316d6b7a0d6d16acd1955","/index.html":"052ecf9c3fcebc880d5bf87c259515e7b73062953bb5e6ca9852553af0f2b92c","/logo192.png":"caff018b7f1e8fd481eb1c50d75b0ef236bcd5078b1d15c8bb348453fee30293","/static/css/main.0ebc7114.chunk.css":"3b098c0029bdafa1c84c8cc8a4b002dd5e4c76a5647fd057c2280964fff064b4","/manifest.json":"341d52628782f8ac9290bbfc43298afccb47b7cbfcee146ae30cf0f46bc30900","/static/js/3.02a6d918.chunk.js":"f1106b78dc4cb614e2fbe5c8eade239947cc9e084affb2d4d73cc8b1a7ed9d62","/static/js/2.72167af6.chunk.js.LICENSE.txt":"c0792cae36af777492e0326563857deef8de465bf43d28fa62ebe555904594b6","/robots.txt":"391d14b3c2f8c9143a27a28c7399585142228d4d1bdbe2c87ac946de411fa9a2","/static/css/main.0ebc7114.chunk.css.map":"4da89fabd2bfb9b81e933ff4f77ec142d350a39a8bfa044e1f602085fce8bf7c","/static/media/candle_icon_bluebg.b1db26fd.png":"36b41b31f405f20ca905508306eec0666de1c8f7429984f5a57dc1458b272c95","/static/js/main.7cabd741.chunk.js":"f9d4e5fa21aabb37c8129a81ce6d028e8ab669ba8c02031ba3e0cb586e92e633","/logo512.png":"191fc21360b4ccfb1cda11a1efb97f489ed22672ca83f4064316802bbfdd750e","/static/js/runtime-main.454cf1c8.js":"669bb2d9cae03d66b5528a0bf881540910395f5c7603412a89e4a278549b0307","/static/js/3.02a6d918.chunk.js.map":"f71d64d143ae9e61658ba6ca27d31d254eef285c29cf799b2eacdca14c5f879b","/static/js/runtime-main.454cf1c8.js.map":"11c1484be6f4eb3c0cdc88beecf8a99ea76c91b31c8a75e77f88aa587e1abe12","/static/js/main.7cabd741.chunk.js.map":"4d83793ee44da4f017d51e8fd905225ea7f7dc475e3c9670c026cfebed66840a","/static/js/2.72167af6.chunk.js":"1440a3a585b1f7243395dbb6ca89cc06869fac010527abf09bb8a21158db68b9","/static/js/2.72167af6.chunk.js.map":"e889ca6f60f110484dd018026a35a5b7758e7a54becf65797c9de6348edf26b7"}}
[debug] [2021-11-08T13:24:14.420Z] <<< [apiv2][status] POST https://firebasehosting.googleapis.com/v1beta1/sites/festival-finder-ae96d/versions/f10934dcd4a4fcfb:populateFiles 200
[debug] [2021-11-08T13:24:14.420Z] <<< [apiv2][body] POST https://firebasehosting.googleapis.com/v1beta1/sites/festival-finder-ae96d/versions/f10934dcd4a4fcfb:populateFiles {"uploadRequiredHashes":["669bb2d9cae03d66b5528a0bf881540910395f5c7603412a89e4a278549b0307","1440a3a585b1f7243395dbb6ca89cc06869fac010527abf09bb8a21158db68b9","f71d64d143ae9e61658ba6ca27d31d254eef285c29cf799b2eacdca14c5f879b","68c0038019096c3054a9291976d0878589844f0f3ab6079ffe0b6af0a7a44205","11c1484be6f4eb3c0cdc88beecf8a99ea76c91b31c8a75e77f88aa587e1abe12","f9d4e5fa21aabb37c8129a81ce6d028e8ab669ba8c02031ba3e0cb586e92e633","3b098c0029bdafa1c84c8cc8a4b002dd5e4c76a5647fd057c2280964fff064b4","4d83793ee44da4f017d51e8fd905225ea7f7dc475e3c9670c026cfebed66840a","052ecf9c3fcebc880d5bf87c259515e7b73062953bb5e6ca9852553af0f2b92c","f1106b78dc4cb614e2fbe5c8eade239947cc9e084affb2d4d73cc8b1a7ed9d62","36b41b31f405f20ca905508306eec0666de1c8f7429984f5a57dc1458b272c95","4da89fabd2bfb9b81e933ff4f77ec142d350a39a8bfa044e1f602085fce8bf7c","e889ca6f60f110484dd018026a35a5b7758e7a54becf65797c9de6348edf26b7"],"uploadUrl":"https://upload-firebasehosting.googleapis.com/upload/sites/festival-finder-ae96d/versions/f10934dcd4a4fcfb/files"}
[debug] [2021-11-08T13:24:14.422Z] >>> [apiv2][query] POST https://upload-firebasehosting.googleapis.com/upload/sites/festival-finder-ae96d/versions/f10934dcd4a4fcfb/files/669bb2d9cae03d66b5528a0bf881540910395f5c7603412a89e4a278549b0307 [none]
[debug] [2021-11-08T13:24:14.422Z] >>> [apiv2][body] POST https://upload-firebasehosting.googleapis.com/upload/sites/festival-finder-ae96d/versions/f10934dcd4a4fcfb/files/669bb2d9cae03d66b5528a0bf881540910395f5c7603412a89e4a278549b0307 [stream]
[debug] [2021-11-08T13:24:14.423Z] >>> [apiv2][query] POST https://upload-firebasehosting.googleapis.com/upload/sites/festival-finder-ae96d/versions/f10934dcd4a4fcfb/files/1440a3a585b1f7243395dbb6ca89cc06869fac010527abf09bb8a21158db68b9 [none]
[debug] [2021-11-08T13:24:14.423Z] >>> [apiv2][body] POST https://upload-firebasehosting.googleapis.com/upload/sites/festival-finder-ae96d/versions/f10934dcd4a4fcfb/files/1440a3a585b1f7243395dbb6ca89cc06869fac010527abf09bb8a21158db68b9 [stream]
[debug] [2021-11-08T13:24:14.423Z] >>> [apiv2][query] POST https://upload-firebasehosting.googleapis.com/upload/sites/festival-finder-ae96d/versions/f10934dcd4a4fcfb/files/f71d64d143ae9e61658ba6ca27d31d254eef285c29cf799b2eacdca14c5f879b [none]
[debug] [2021-11-08T13:24:14.423Z] >>> [apiv2][body] POST https://upload-firebasehosting.googleapis.com/upload/sites/festival-finder-ae96d/versions/f10934dcd4a4fcfb/files/f71d64d143ae9e61658ba6ca27d31d254eef285c29cf799b2eacdca14c5f879b [stream]
[debug] [2021-11-08T13:24:14.424Z] >>> [apiv2][query] POST https://upload-firebasehosting.googleapis.com/upload/sites/festival-finder-ae96d/versions/f10934dcd4a4fcfb/files/68c0038019096c3054a9291976d0878589844f0f3ab6079ffe0b6af0a7a44205 [none]
[debug] [2021-11-08T13:24:14.424Z] >>> [apiv2][body] POST https://upload-firebasehosting.googleapis.com/upload/sites/festival-finder-ae96d/versions/f10934dcd4a4fcfb/files/68c0038019096c3054a9291976d0878589844f0f3ab6079ffe0b6af0a7a44205 [stream]
[debug] [2021-11-08T13:24:14.424Z] >>> [apiv2][query] POST https://upload-firebasehosting.googleapis.com/upload/sites/festival-finder-ae96d/versions/f10934dcd4a4fcfb/files/11c1484be6f4eb3c0cdc88beecf8a99ea76c91b31c8a75e77f88aa587e1abe12 [none]
[debug] [2021-11-08T13:24:14.424Z] >>> [apiv2][body] POST https://upload-firebasehosting.googleapis.com/upload/sites/festival-finder-ae96d/versions/f10934dcd4a4fcfb/files/11c1484be6f4eb3c0cdc88beecf8a99ea76c91b31c8a75e77f88aa587e1abe12 [stream]
[debug] [2021-11-08T13:24:14.426Z] >>> [apiv2][query] POST https://upload-firebasehosting.googleapis.com/upload/sites/festival-finder-ae96d/versions/f10934dcd4a4fcfb/files/f9d4e5fa21aabb37c8129a81ce6d028e8ab669ba8c02031ba3e0cb586e92e633 [none]
[debug] [2021-11-08T13:24:14.426Z] >>> [apiv2][body] POST https://upload-firebasehosting.googleapis.com/upload/sites/festival-finder-ae96d/versions/f10934dcd4a4fcfb/files/f9d4e5fa21aabb37c8129a81ce6d028e8ab669ba8c02031ba3e0cb586e92e633 [stream]
[debug] [2021-11-08T13:24:14.426Z] >>> [apiv2][query] POST https://upload-firebasehosting.googleapis.com/upload/sites/festival-finder-ae96d/versions/f10934dcd4a4fcfb/files/3b098c0029bdafa1c84c8cc8a4b002dd5e4c76a5647fd057c2280964fff064b4 [none]
[debug] [2021-11-08T13:24:14.426Z] >>> [apiv2][body] POST https://upload-firebasehosting.googleapis.com/upload/sites/festival-finder-ae96d/versions/f10934dcd4a4fcfb/files/3b098c0029bdafa1c84c8cc8a4b002dd5e4c76a5647fd057c2280964fff064b4 [stream]
[debug] [2021-11-08T13:24:14.427Z] >>> [apiv2][query] POST https://upload-firebasehosting.googleapis.com/upload/sites/festival-finder-ae96d/versions/f10934dcd4a4fcfb/files/4d83793ee44da4f017d51e8fd905225ea7f7dc475e3c9670c026cfebed66840a [none]
[debug] [2021-11-08T13:24:14.427Z] >>> [apiv2][body] POST https://upload-firebasehosting.googleapis.com/upload/sites/festival-finder-ae96d/versions/f10934dcd4a4fcfb/files/4d83793ee44da4f017d51e8fd905225ea7f7dc475e3c9670c026cfebed66840a [stream]
[debug] [2021-11-08T13:24:14.427Z] >>> [apiv2][query] POST https://upload-firebasehosting.googleapis.com/upload/sites/festival-finder-ae96d/versions/f10934dcd4a4fcfb/files/052ecf9c3fcebc880d5bf87c259515e7b73062953bb5e6ca9852553af0f2b92c [none]
[debug] [2021-11-08T13:24:14.427Z] >>> [apiv2][body] POST https://upload-firebasehosting.googleapis.com/upload/sites/festival-finder-ae96d/versions/f10934dcd4a4fcfb/files/052ecf9c3fcebc880d5bf87c259515e7b73062953bb5e6ca9852553af0f2b92c [stream]
[debug] [2021-11-08T13:24:14.428Z] >>> [apiv2][query] POST https://upload-firebasehosting.googleapis.com/upload/sites/festival-finder-ae96d/versions/f10934dcd4a4fcfb/files/f1106b78dc4cb614e2fbe5c8eade239947cc9e084affb2d4d73cc8b1a7ed9d62 [none]
[debug] [2021-11-08T13:24:14.428Z] >>> [apiv2][body] POST https://upload-firebasehosting.googleapis.com/upload/sites/festival-finder-ae96d/versions/f10934dcd4a4fcfb/files/f1106b78dc4cb614e2fbe5c8eade239947cc9e084affb2d4d73cc8b1a7ed9d62 [stream]
[debug] [2021-11-08T13:24:14.429Z] >>> [apiv2][query] POST https://upload-firebasehosting.googleapis.com/upload/sites/festival-finder-ae96d/versions/f10934dcd4a4fcfb/files/36b41b31f405f20ca905508306eec0666de1c8f7429984f5a57dc1458b272c95 [none]
[debug] [2021-11-08T13:24:14.429Z] >>> [apiv2][body] POST https://upload-firebasehosting.googleapis.com/upload/sites/festival-finder-ae96d/versions/f10934dcd4a4fcfb/files/36b41b31f405f20ca905508306eec0666de1c8f7429984f5a57dc1458b272c95 [stream]
[debug] [2021-11-08T13:24:14.429Z] >>> [apiv2][query] POST https://upload-firebasehosting.googleapis.com/upload/sites/festival-finder-ae96d/versions/f10934dcd4a4fcfb/files/4da89fabd2bfb9b81e933ff4f77ec142d350a39a8bfa044e1f602085fce8bf7c [none]
[debug] [2021-11-08T13:24:14.429Z] >>> [apiv2][body] POST https://upload-firebasehosting.googleapis.com/upload/sites/festival-finder-ae96d/versions/f10934dcd4a4fcfb/files/4da89fabd2bfb9b81e933ff4f77ec142d350a39a8bfa044e1f602085fce8bf7c [stream]
[debug] [2021-11-08T13:24:14.429Z] >>> [apiv2][query] POST https://upload-firebasehosting.googleapis.com/upload/sites/festival-finder-ae96d/versions/f10934dcd4a4fcfb/files/e889ca6f60f110484dd018026a35a5b7758e7a54becf65797c9de6348edf26b7 [none]
[debug] [2021-11-08T13:24:14.429Z] >>> [apiv2][body] POST https://upload-firebasehosting.googleapis.com/upload/sites/festival-finder-ae96d/versions/f10934dcd4a4fcfb/files/e889ca6f60f110484dd018026a35a5b7758e7a54becf65797c9de6348edf26b7 [stream]
[debug] [2021-11-08T13:24:14.430Z] [hosting][populate queue][FINAL] {"max":1346,"min":1346,"avg":1346,"active":0,"complete":1,"success":1,"errored":0,"retried":0,"total":1,"elapsed":1354}
[debug] [2021-11-08T13:24:14.430Z] [hosting] uploads queued: 13
[debug] [2021-11-08T13:24:17.572Z] <<< [apiv2][status] POST https://upload-firebasehosting.googleapis.com/upload/sites/festival-finder-ae96d/versions/f10934dcd4a4fcfb/files/f9d4e5fa21aabb37c8129a81ce6d028e8ab669ba8c02031ba3e0cb586e92e633 200
[debug] [2021-11-08T13:24:17.572Z] <<< [apiv2][body] POST https://upload-firebasehosting.googleapis.com/upload/sites/festival-finder-ae96d/versions/f10934dcd4a4fcfb/files/f9d4e5fa21aabb37c8129a81ce6d028e8ab669ba8c02031ba3e0cb586e92e633 [stream]
[debug] [2021-11-08T13:24:17.573Z] <<< [apiv2][status] POST https://upload-firebasehosting.googleapis.com/upload/sites/festival-finder-ae96d/versions/f10934dcd4a4fcfb/files/669bb2d9cae03d66b5528a0bf881540910395f5c7603412a89e4a278549b0307 200
[debug] [2021-11-08T13:24:17.573Z] <<< [apiv2][body] POST https://upload-firebasehosting.googleapis.com/upload/sites/festival-finder-ae96d/versions/f10934dcd4a4fcfb/files/669bb2d9cae03d66b5528a0bf881540910395f5c7603412a89e4a278549b0307 [stream]
[debug] [2021-11-08T13:24:17.574Z] <<< [apiv2][status] POST https://upload-firebasehosting.googleapis.com/upload/sites/festival-finder-ae96d/versions/f10934dcd4a4fcfb/files/4da89fabd2bfb9b81e933ff4f77ec142d350a39a8bfa044e1f602085fce8bf7c 200
[debug] [2021-11-08T13:24:17.574Z] <<< [apiv2][body] POST https://upload-firebasehosting.googleapis.com/upload/sites/festival-finder-ae96d/versions/f10934dcd4a4fcfb/files/4da89fabd2bfb9b81e933ff4f77ec142d350a39a8bfa044e1f602085fce8bf7c [stream]
[debug] [2021-11-08T13:24:17.574Z] <<< [apiv2][status] POST https://upload-firebasehosting.googleapis.com/upload/sites/festival-finder-ae96d/versions/f10934dcd4a4fcfb/files/3b098c0029bdafa1c84c8cc8a4b002dd5e4c76a5647fd057c2280964fff064b4 200
[debug] [2021-11-08T13:24:17.574Z] <<< [apiv2][body] POST https://upload-firebasehosting.googleapis.com/upload/sites/festival-finder-ae96d/versions/f10934dcd4a4fcfb/files/3b098c0029bdafa1c84c8cc8a4b002dd5e4c76a5647fd057c2280964fff064b4 [stream]
[debug] [2021-11-08T13:24:17.575Z] <<< [apiv2][status] POST https://upload-firebasehosting.googleapis.com/upload/sites/festival-finder-ae96d/versions/f10934dcd4a4fcfb/files/68c0038019096c3054a9291976d0878589844f0f3ab6079ffe0b6af0a7a44205 200
[debug] [2021-11-08T13:24:17.575Z] <<< [apiv2][body] POST https://upload-firebasehosting.googleapis.com/upload/sites/festival-finder-ae96d/versions/f10934dcd4a4fcfb/files/68c0038019096c3054a9291976d0878589844f0f3ab6079ffe0b6af0a7a44205 [stream]
[debug] [2021-11-08T13:24:17.575Z] <<< [apiv2][status] POST https://upload-firebasehosting.googleapis.com/upload/sites/festival-finder-ae96d/versions/f10934dcd4a4fcfb/files/052ecf9c3fcebc880d5bf87c259515e7b73062953bb5e6ca9852553af0f2b92c 200
[debug] [2021-11-08T13:24:17.575Z] <<< [apiv2][body] POST https://upload-firebasehosting.googleapis.com/upload/sites/festival-finder-ae96d/versions/f10934dcd4a4fcfb/files/052ecf9c3fcebc880d5bf87c259515e7b73062953bb5e6ca9852553af0f2b92c [stream]
[debug] [2021-11-08T13:24:17.575Z] <<< [apiv2][status] POST https://upload-firebasehosting.googleapis.com/upload/sites/festival-finder-ae96d/versions/f10934dcd4a4fcfb/files/1440a3a585b1f7243395dbb6ca89cc06869fac010527abf09bb8a21158db68b9 200
[debug] [2021-11-08T13:24:17.576Z] <<< [apiv2][body] POST https://upload-firebasehosting.googleapis.com/upload/sites/festival-finder-ae96d/versions/f10934dcd4a4fcfb/files/1440a3a585b1f7243395dbb6ca89cc06869fac010527abf09bb8a21158db68b9 [stream]
[debug] [2021-11-08T13:24:18.184Z] <<< [apiv2][status] POST https://upload-firebasehosting.googleapis.com/upload/sites/festival-finder-ae96d/versions/f10934dcd4a4fcfb/files/36b41b31f405f20ca905508306eec0666de1c8f7429984f5a57dc1458b272c95 200
[debug] [2021-11-08T13:24:18.184Z] <<< [apiv2][body] POST https://upload-firebasehosting.googleapis.com/upload/sites/festival-finder-ae96d/versions/f10934dcd4a4fcfb/files/36b41b31f405f20ca905508306eec0666de1c8f7429984f5a57dc1458b272c95 [stream]
[debug] [2021-11-08T13:24:18.184Z] <<< [apiv2][status] POST https://upload-firebasehosting.googleapis.com/upload/sites/festival-finder-ae96d/versions/f10934dcd4a4fcfb/files/f71d64d143ae9e61658ba6ca27d31d254eef285c29cf799b2eacdca14c5f879b 200
[debug] [2021-11-08T13:24:18.185Z] <<< [apiv2][body] POST https://upload-firebasehosting.googleapis.com/upload/sites/festival-finder-ae96d/versions/f10934dcd4a4fcfb/files/f71d64d143ae9e61658ba6ca27d31d254eef285c29cf799b2eacdca14c5f879b [stream]
[debug] [2021-11-08T13:24:18.185Z] <<< [apiv2][status] POST https://upload-firebasehosting.googleapis.com/upload/sites/festival-finder-ae96d/versions/f10934dcd4a4fcfb/files/f1106b78dc4cb614e2fbe5c8eade239947cc9e084affb2d4d73cc8b1a7ed9d62 200
[debug] [2021-11-08T13:24:18.185Z] <<< [apiv2][body] POST https://upload-firebasehosting.googleapis.com/upload/sites/festival-finder-ae96d/versions/f10934dcd4a4fcfb/files/f1106b78dc4cb614e2fbe5c8eade239947cc9e084affb2d4d73cc8b1a7ed9d62 [stream]
[debug] [2021-11-08T13:24:18.185Z] <<< [apiv2][status] POST https://upload-firebasehosting.googleapis.com/upload/sites/festival-finder-ae96d/versions/f10934dcd4a4fcfb/files/4d83793ee44da4f017d51e8fd905225ea7f7dc475e3c9670c026cfebed66840a 200
[debug] [2021-11-08T13:24:18.185Z] <<< [apiv2][body] POST https://upload-firebasehosting.googleapis.com/upload/sites/festival-finder-ae96d/versions/f10934dcd4a4fcfb/files/4d83793ee44da4f017d51e8fd905225ea7f7dc475e3c9670c026cfebed66840a [stream]
[debug] [2021-11-08T13:24:18.323Z] <<< [apiv2][status] POST https://upload-firebasehosting.googleapis.com/upload/sites/festival-finder-ae96d/versions/f10934dcd4a4fcfb/files/11c1484be6f4eb3c0cdc88beecf8a99ea76c91b31c8a75e77f88aa587e1abe12 200
[debug] [2021-11-08T13:24:18.323Z] <<< [apiv2][body] POST https://upload-firebasehosting.googleapis.com/upload/sites/festival-finder-ae96d/versions/f10934dcd4a4fcfb/files/11c1484be6f4eb3c0cdc88beecf8a99ea76c91b31c8a75e77f88aa587e1abe12 [stream]
[debug] [2021-11-08T13:24:19.072Z] <<< [apiv2][status] POST https://upload-firebasehosting.googleapis.com/upload/sites/festival-finder-ae96d/versions/f10934dcd4a4fcfb/files/e889ca6f60f110484dd018026a35a5b7758e7a54becf65797c9de6348edf26b7 200
[debug] [2021-11-08T13:24:19.073Z] <<< [apiv2][body] POST https://upload-firebasehosting.googleapis.com/upload/sites/festival-finder-ae96d/versions/f10934dcd4a4fcfb/files/e889ca6f60f110484dd018026a35a5b7758e7a54becf65797c9de6348edf26b7 [stream]
[debug] [2021-11-08T13:24:19.073Z] [hosting][upload queue][FINAL] {"max":4651,"min":3151,"avg":3514.076923076923,"active":0,"complete":13,"success":13,"errored":0,"retried":0,"total":13,"elapsed":4653}
[info] ✔  hosting[festival-finder-ae96d]: file upload complete 
[debug] [2021-11-08T13:24:19.074Z] [hosting] deploy completed after 6418ms
[debug] [2021-11-08T13:24:19.075Z] [
  {
    "config": {
      "public": "build",
      "ignore": [
        "firebase.json",
        "**/.*",
        "**/node_modules/**"
      ],
      "rewrites": [
        {
          "source": "**",
          "destination": "/index.html"
        }
      ],
      "site": "festival-finder-ae96d"
    },
    "site": "festival-finder-ae96d",
    "version": "sites/festival-finder-ae96d/versions/f10934dcd4a4fcfb"
  }
]
[info] i  hosting[festival-finder-ae96d]: finalizing version... 
[debug] [2021-11-08T13:24:19.076Z] > refreshing access token with scopes: ["email","https://www.googleapis.com/auth/cloud-platform","https://www.googleapis.com/auth/cloudplatformprojects.readonly","https://www.googleapis.com/auth/firebase","openid"]
[debug] [2021-11-08T13:24:19.076Z] >>> HTTP REQUEST POST https://www.googleapis.com/oauth2/v3/token  
 <request body omitted>
